# JRE version: OpenJDK Runtime Environment (17.0+35) (build 17+35-2724)
# Java VM: OpenJDK 64-Bit Server VM (17+35-2724, mixed mode, emulated-client, sharing, tiered, compressed oops, compressed class ptrs, g1 gc, windows-amd64)
GC Precious Log:
 CPUs: 12 total, 12 available
 Memory: 8111M
 Large Page Support: Disabled
 NUMA Support: Disabled
 Compressed Oops: Enabled (32-bit)
 Heap Region Size: 1M
 Heap Min Capacity: 8M
 Heap Initial Capacity: 128M
 Heap Max Capacity: 2028M
 Pre-touch: Disabled
 Parallel Workers: 10
 Concurrent Workers: 3
 Concurrent Refinement Workers: 10
 Periodic GC: Disabled
Heap:
 garbage-first heap   total 71680K, used 33877K [0x0000000081400000, 0x0000000100000000)
  region size 1024K, 16 young (16384K), 4 survivors (4096K)
 Metaspace       used 34890K, committed 35264K, reserved 1081344K
  class space    used 4653K, committed 4864K, reserved 1048576K
GC Heap History (12 events):
Event: 0.788 GC heap before
{Heap before GC invocations=0 (full 0):
 garbage-first heap   total 131072K, used 29696K [0x0000000081400000, 0x0000000100000000)
  region size 1024K, 23 young (23552K), 0 survivors (0K)
 Metaspace       used 3231K, committed 3392K, reserved 1056768K
  class space    used 389K, committed 448K, reserved 1048576K
}
Event: 0.797 GC heap after
{Heap after GC invocations=1 (full 0):
 garbage-first heap   total 131072K, used 12691K [0x0000000081400000, 0x0000000100000000)
  region size 1024K, 3 young (3072K), 3 survivors (3072K)
 Metaspace       used 3231K, committed 3392K, reserved 1056768K
  class space    used 389K, committed 448K, reserved 1048576K
}
Event: 1.625 GC heap before
{Heap before GC invocations=1 (full 0):
 garbage-first heap   total 131072K, used 39315K [0x0000000081400000, 0x0000000100000000)
  region size 1024K, 29 young (29696K), 3 survivors (3072K)
 Metaspace       used 9810K, committed 10112K, reserved 1064960K
  class space    used 1262K, committed 1408K, reserved 1048576K
}
Event: 1.633 GC heap after
{Heap after GC invocations=2 (full 0):
 garbage-first heap   total 131072K, used 15814K [0x0000000081400000, 0x0000000100000000)
  region size 1024K, 3 young (3072K), 3 survivors (3072K)
 Metaspace       used 9810K, committed 10112K, reserved 1064960K
  class space    used 1262K, committed 1408K, reserved 1048576K
}
Event: 3.088 GC heap before
{Heap before GC invocations=2 (full 0):
 garbage-first heap   total 131072K, used 70086K [0x0000000081400000, 0x0000000100000000)
  region size 1024K, 57 young (58368K), 3 survivors (3072K)
 Metaspace       used 17171K, committed 17472K, reserved 1064960K
  class space    used 2417K, committed 2560K, reserved 1048576K
}
Event: 3.096 GC heap after
{Heap after GC invocations=3 (full 0):
 garbage-first heap   total 131072K, used 17966K [0x0000000081400000, 0x0000000100000000)
  region size 1024K, 5 young (5120K), 5 survivors (5120K)
 Metaspace       used 17171K, committed 17472K, reserved 1064960K
  class space    used 2417K, committed 2560K, reserved 1048576K
}
Event: 3.364 GC heap before
{Heap before GC invocations=3 (full 0):
 garbage-first heap   total 131072K, used 44590K [0x0000000081400000, 0x0000000100000000)
  region size 1024K, 33 young (33792K), 5 survivors (5120K)
 Metaspace       used 21224K, committed 21504K, reserved 1073152K
  class space    used 2871K, committed 3008K, reserved 1048576K
}
Event: 3.370 GC heap after
{Heap after GC invocations=4 (full 0):
 garbage-first heap   total 131072K, used 19626K [0x0000000081400000, 0x0000000100000000)
  region size 1024K, 7 young (7168K), 7 survivors (7168K)
 Metaspace       used 21224K, committed 21504K, reserved 1073152K
  class space    used 2871K, committed 3008K, reserved 1048576K
}
Event: 5.042 GC heap before
{Heap before GC invocations=5 (full 0):
 garbage-first heap   total 71680K, used 55466K [0x0000000081400000, 0x0000000100000000)
  region size 1024K, 42 young (43008K), 7 survivors (7168K)
 Metaspace       used 26731K, committed 27136K, reserved 1073152K
  class space    used 3671K, committed 3840K, reserved 1048576K
}
Event: 5.055 GC heap after
{Heap after GC invocations=6 (full 0):
 garbage-first heap   total 71680K, used 21426K [0x0000000081400000, 0x0000000100000000)
  region size 1024K, 4 young (4096K), 4 survivors (4096K)
 Metaspace       used 26731K, committed 27136K, reserved 1073152K
  class space    used 3671K, committed 3840K, reserved 1048576K
}
Event: 6.378 GC heap before
{Heap before GC invocations=6 (full 0):
 garbage-first heap   total 71680K, used 51122K [0x0000000081400000, 0x0000000100000000)
  region size 1024K, 34 young (34816K), 4 survivors (4096K)
 Metaspace       used 32770K, committed 33088K, reserved 1081344K
  class space    used 4355K, committed 4480K, reserved 1048576K
}
Event: 6.387 GC heap after
{Heap after GC invocations=7 (full 0):
 garbage-first heap   total 71680K, used 22613K [0x0000000081400000, 0x0000000100000000)
  region size 1024K, 4 young (4096K), 4 survivors (4096K)
 Metaspace       used 32770K, committed 33088K, reserved 1081344K
  class space    used 4355K, committed 4480K, reserved 1048576K
}

